Started GET "/" for ::1 at 2017-06-14 00:04:09 -0300
  
ActiveRecord::PendingMigrationError (

Migrations are pending. To resolve this issue, run:

        bin/rails db:migrate RAILS_ENV=development

):
  
activerecord (5.0.2) lib/active_record/migration.rb:573:in `check_pending!'
activerecord (5.0.2) lib/active_record/migration.rb:549:in `call'
actionpack (5.0.2) lib/action_dispatch/middleware/callbacks.rb:38:in `block in call'
activesupport (5.0.2) lib/active_support/callbacks.rb:97:in `__run_callbacks__'
activesupport (5.0.2) lib/active_support/callbacks.rb:750:in `_run_call_callbacks'
activesupport (5.0.2) lib/active_support/callbacks.rb:90:in `run_callbacks'
actionpack (5.0.2) lib/action_dispatch/middleware/callbacks.rb:36:in `call'
actionpack (5.0.2) lib/action_dispatch/middleware/executor.rb:12:in `call'
actionpack (5.0.2) lib/action_dispatch/middleware/remote_ip.rb:79:in `call'
actionpack (5.0.2) lib/action_dispatch/middleware/debug_exceptions.rb:49:in `call'
web-console (3.5.0) lib/web_console/middleware.rb:135:in `call_app'
web-console (3.5.0) lib/web_console/middleware.rb:28:in `block in call'
web-console (3.5.0) lib/web_console/middleware.rb:18:in `catch'
web-console (3.5.0) lib/web_console/middleware.rb:18:in `call'
actionpack (5.0.2) lib/action_dispatch/middleware/show_exceptions.rb:31:in `call'
railties (5.0.2) lib/rails/rack/logger.rb:36:in `call_app'
railties (5.0.2) lib/rails/rack/logger.rb:24:in `block in call'
activesupport (5.0.2) lib/active_support/tagged_logging.rb:69:in `block in tagged'
activesupport (5.0.2) lib/active_support/tagged_logging.rb:26:in `tagged'
activesupport (5.0.2) lib/active_support/tagged_logging.rb:69:in `tagged'
railties (5.0.2) lib/rails/rack/logger.rb:24:in `call'
sprockets-rails (3.2.0) lib/sprockets/rails/quiet_assets.rb:13:in `call'
actionpack (5.0.2) lib/action_dispatch/middleware/request_id.rb:24:in `call'
rack (2.0.1) lib/rack/method_override.rb:22:in `call'
rack (2.0.1) lib/rack/runtime.rb:22:in `call'
activesupport (5.0.2) lib/active_support/cache/strategy/local_cache_middleware.rb:28:in `call'
actionpack (5.0.2) lib/action_dispatch/middleware/executor.rb:12:in `call'
actionpack (5.0.2) lib/action_dispatch/middleware/static.rb:136:in `call'
rack (2.0.1) lib/rack/sendfile.rb:111:in `call'
railties (5.0.2) lib/rails/engine.rb:522:in `call'
puma (3.8.2) lib/puma/configuration.rb:224:in `call'
puma (3.8.2) lib/puma/server.rb:600:in `handle_request'
puma (3.8.2) lib/puma/server.rb:435:in `process_client'
puma (3.8.2) lib/puma/server.rb:299:in `block in run'
puma (3.8.2) lib/puma/thread_pool.rb:120:in `block in spawn_thread'
  Rendering /Users/anasilva/.rvm/gems/ruby-2.4.0/gems/actionpack-5.0.2/lib/action_dispatch/middleware/templates/rescues/diagnostics.html.erb within rescues/layout
  Rendering /Users/anasilva/.rvm/gems/ruby-2.4.0/gems/actionpack-5.0.2/lib/action_dispatch/middleware/templates/rescues/_source.html.erb
  Rendered /Users/anasilva/.rvm/gems/ruby-2.4.0/gems/actionpack-5.0.2/lib/action_dispatch/middleware/templates/rescues/_source.html.erb (1.7ms)
  Rendering /Users/anasilva/.rvm/gems/ruby-2.4.0/gems/actionpack-5.0.2/lib/action_dispatch/middleware/templates/rescues/_trace.html.erb
  Rendered /Users/anasilva/.rvm/gems/ruby-2.4.0/gems/actionpack-5.0.2/lib/action_dispatch/middleware/templates/rescues/_trace.html.erb (1.1ms)
  Rendering /Users/anasilva/.rvm/gems/ruby-2.4.0/gems/actionpack-5.0.2/lib/action_dispatch/middleware/templates/rescues/_request_and_response.html.erb
  Rendered /Users/anasilva/.rvm/gems/ruby-2.4.0/gems/actionpack-5.0.2/lib/action_dispatch/middleware/templates/rescues/_request_and_response.html.erb (0.9ms)
  Rendered /Users/anasilva/.rvm/gems/ruby-2.4.0/gems/actionpack-5.0.2/lib/action_dispatch/middleware/templates/rescues/diagnostics.html.erb within rescues/layout (69.8ms)
  [1m[35m (33.9ms)[0m  [1m[35mCREATE TABLE "schema_migrations" ("version" character varying PRIMARY KEY)[0m
  [1m[35m (5.6ms)[0m  [1m[35mCREATE TABLE "ar_internal_metadata" ("key" character varying PRIMARY KEY, "value" character varying, "created_at" timestamp NOT NULL, "updated_at" timestamp NOT NULL)[0m
  [1m[35m (1.7ms)[0m  [1m[34mSELECT pg_try_advisory_lock(61519060906798740);[0m
  [1m[36mActiveRecord::SchemaMigration Load (0.4ms)[0m  [1m[34mSELECT "schema_migrations".* FROM "schema_migrations"[0m
Migrating to CreateLeads (20170406001721)
  [1m[35m (0.1ms)[0m  [1m[35mBEGIN[0m
  [1m[35m (6.9ms)[0m  [1m[35mCREATE TABLE "leads" ("id" serial primary key, "name" character varying, "email" character varying, "phone" character varying, "company" character varying, "origin" text, "created_at" timestamp NOT NULL, "updated_at" timestamp NOT NULL)[0m
  [1m[35mSQL (0.6ms)[0m  [1m[32mINSERT INTO "schema_migrations" ("version") VALUES ($1) RETURNING "version"[0m  [["version", "20170406001721"]]
  [1m[35m (0.5ms)[0m  [1m[35mCOMMIT[0m
Migrating to CreateUsers (20170418205954)
  [1m[35m (0.2ms)[0m  [1m[35mBEGIN[0m
  [1m[35m (3.6ms)[0m  [1m[35mCREATE TABLE "users" ("id" serial primary key, "name" character varying, "email" character varying, "first_name" character varying, "last_name" character varying, "created_at" timestamp NOT NULL, "updated_at" timestamp NOT NULL)[0m
  [1m[35mSQL (0.3ms)[0m  [1m[32mINSERT INTO "schema_migrations" ("version") VALUES ($1) RETURNING "version"[0m  [["version", "20170418205954"]]
  [1m[35m (0.5ms)[0m  [1m[35mCOMMIT[0m
Migrating to CreateOrigins (20170423174331)
  [1m[35m (0.3ms)[0m  [1m[35mBEGIN[0m
  [1m[35m (3.6ms)[0m  [1m[35mCREATE TABLE "origins" ("id" serial primary key, "name" character varying, "created_at" timestamp NOT NULL, "updated_at" timestamp NOT NULL)[0m
  [1m[35mSQL (0.3ms)[0m  [1m[32mINSERT INTO "schema_migrations" ("version") VALUES ($1) RETURNING "version"[0m  [["version", "20170423174331"]]
  [1m[35m (0.6ms)[0m  [1m[35mCOMMIT[0m
Migrating to CreateJoinTableOrigin (20170423174400)
  [1m[35m (0.3ms)[0m  [1m[35mBEGIN[0m
  [1m[35m (1.1ms)[0m  [1m[35mCREATE TABLE "leads_origins" ("origin_id" integer NOT NULL, "lead_id" integer NOT NULL)[0m
  [1m[35mSQL (0.3ms)[0m  [1m[32mINSERT INTO "schema_migrations" ("version") VALUES ($1) RETURNING "version"[0m  [["version", "20170423174400"]]
  [1m[35m (0.3ms)[0m  [1m[35mCOMMIT[0m
Migrating to AddDigestToUsers (20170426165441)
  [1m[35m (0.1ms)[0m  [1m[35mBEGIN[0m
  [1m[35m (0.5ms)[0m  [1m[35mALTER TABLE "users" ADD "password_digest" character varying[0m
  [1m[35mSQL (0.2ms)[0m  [1m[32mINSERT INTO "schema_migrations" ("version") VALUES ($1) RETURNING "version"[0m  [["version", "20170426165441"]]
  [1m[35m (0.2ms)[0m  [1m[35mCOMMIT[0m
Migrating to AddRememberDigestToUsers (20170427232340)
  [1m[35m (0.2ms)[0m  [1m[35mBEGIN[0m
  [1m[35m (0.4ms)[0m  [1m[35mALTER TABLE "users" ADD "remember_digest" character varying[0m
  [1m[35mSQL (0.3ms)[0m  [1m[32mINSERT INTO "schema_migrations" ("version") VALUES ($1) RETURNING "version"[0m  [["version", "20170427232340"]]
  [1m[35m (0.3ms)[0m  [1m[35mCOMMIT[0m
Migrating to AddAdminToUsers (20170429171013)
  [1m[35m (0.1ms)[0m  [1m[35mBEGIN[0m
  [1m[35m (8.9ms)[0m  [1m[35mALTER TABLE "users" ADD "admin" boolean DEFAULT 'f'[0m
  [1m[35mSQL (0.2ms)[0m  [1m[32mINSERT INTO "schema_migrations" ("version") VALUES ($1) RETURNING "version"[0m  [["version", "20170429171013"]]
  [1m[35m (0.7ms)[0m  [1m[35mCOMMIT[0m
Migrating to CreateMicroposts (20170429181951)
  [1m[35m (0.2ms)[0m  [1m[35mBEGIN[0m
  [1m[35m (9.9ms)[0m  [1m[35mCREATE TABLE "microposts" ("id" serial primary key, "content" text, "user_id" integer, "created_at" timestamp NOT NULL, "updated_at" timestamp NOT NULL, CONSTRAINT "fk_rails_558c81314b"
FOREIGN KEY ("user_id")
  REFERENCES "users" ("id")
)[0m
  [1m[35m (1.4ms)[0m  [1m[35mCREATE  INDEX  "index_microposts_on_user_id" ON "microposts"  ("user_id")[0m
  [1m[35m (1.4ms)[0m  [1m[35mCREATE  INDEX  "index_microposts_on_user_id_and_created_at" ON "microposts"  ("user_id", "created_at")[0m
  [1m[35mSQL (0.3ms)[0m  [1m[32mINSERT INTO "schema_migrations" ("version") VALUES ($1) RETURNING "version"[0m  [["version", "20170429181951"]]
  [1m[35m (0.4ms)[0m  [1m[35mCOMMIT[0m
Migrating to AddActivationToUsers (20170507224242)
  [1m[35m (0.2ms)[0m  [1m[35mBEGIN[0m
  [1m[35m (0.3ms)[0m  [1m[35mALTER TABLE "users" ADD "activation_digest" character varying[0m
  [1m[35m (4.3ms)[0m  [1m[35mALTER TABLE "users" ADD "activated" boolean DEFAULT 'f'[0m
  [1m[35m (0.4ms)[0m  [1m[35mALTER TABLE "users" ADD "activated_at" timestamp[0m
  [1m[35mSQL (0.3ms)[0m  [1m[32mINSERT INTO "schema_migrations" ("version") VALUES ($1) RETURNING "version"[0m  [["version", "20170507224242"]]
  [1m[35m (0.9ms)[0m  [1m[35mCOMMIT[0m
  [1m[36mActiveRecord::InternalMetadata Load (0.8ms)[0m  [1m[34mSELECT  "ar_internal_metadata".* FROM "ar_internal_metadata" WHERE "ar_internal_metadata"."key" = $1 LIMIT $2[0m  [["key", :environment], ["LIMIT", 1]]
  [1m[35m (0.1ms)[0m  [1m[35mBEGIN[0m
  [1m[35mSQL (0.6ms)[0m  [1m[32mINSERT INTO "ar_internal_metadata" ("key", "value", "created_at", "updated_at") VALUES ($1, $2, $3, $4) RETURNING "key"[0m  [["key", "environment"], ["value", "development"], ["created_at", 2017-06-14 03:04:39 UTC], ["updated_at", 2017-06-14 03:04:39 UTC]]
  [1m[35m (0.5ms)[0m  [1m[35mCOMMIT[0m
  [1m[35m (0.3ms)[0m  [1m[34mSELECT pg_advisory_unlock(61519060906798740)[0m
  [1m[36mActiveRecord::SchemaMigration Load (0.2ms)[0m  [1m[34mSELECT "schema_migrations".* FROM "schema_migrations"[0m
Started GET "/" for ::1 at 2017-06-14 00:04:48 -0300
  [1m[36mActiveRecord::SchemaMigration Load (0.6ms)[0m  [1m[34mSELECT "schema_migrations".* FROM "schema_migrations"[0m
Processing by StaticPagesController#home as HTML
  Rendering static_pages/home.html.erb within layouts/application
  Rendered layouts/_menu.html.erb (6320.9ms)
  Rendered layouts/_side_nav.html.erb (0.4ms)
  Rendered layouts/_header_home.html.erb (6325.9ms)
  Rendered layouts/_spi-products.erb (2.4ms)
  Rendered leads/_form_demo.html.erb (4.7ms)
  Rendered layouts/_free_demo.html.erb (10.0ms)
  Rendered layouts/_partners.html.erb (11.5ms)
  Rendered leads/_form_demo.html.erb (0.6ms)
  Rendered layouts/_download-product-catalog.html.erb (3.1ms)
  Rendered layouts/_main.html.erb (34.3ms)
  Rendered layouts/_footer.html.erb (2.0ms)
  Rendered static_pages/home.html.erb within layouts/application (6368.9ms)
  Rendered layouts/_shim.html.erb (0.5ms)
Completed 200 OK in 6675ms (Views: 6620.3ms | ActiveRecord: 4.6ms)


Started GET "/inspection-camera/demo" for ::1 at 2017-06-14 00:05:15 -0300
Processing by StaticPagesController#demo as HTML
  Rendering static_pages/demo.html.erb within layouts/application
  Rendered layouts/_menu.html.erb (8.4ms)
  Rendered layouts/_side_nav.html.erb (0.6ms)
  Rendered layouts/_header.html.erb (14.1ms)
  Rendered leads/_form_demo.html.erb (5.7ms)
  Rendered layouts/_demo.html.erb (13.9ms)
  Rendered layouts/_footer.html.erb (1.7ms)
  Rendered static_pages/demo.html.erb within layouts/application (39.6ms)
  Rendered layouts/_shim.html.erb (0.5ms)
Completed 200 OK in 168ms (Views: 160.4ms | ActiveRecord: 0.0ms)


Started GET "/" for ::1 at 2017-06-14 01:14:44 -0300
Processing by StaticPagesController#home as HTML
  Rendering static_pages/home.html.erb within layouts/application
  Rendered layouts/_menu.html.erb (50.3ms)
  Rendered layouts/_side_nav.html.erb (0.6ms)
  Rendered layouts/_header_home.html.erb (62.8ms)
  Rendered layouts/_spi-products.erb (13.0ms)
  Rendered leads/_form_demo.html.erb (11.3ms)
  Rendered layouts/_free_demo.html.erb (23.2ms)
  Rendered layouts/_partners.html.erb (31.8ms)
  Rendered leads/_form_demo.html.erb (1.3ms)
  Rendered layouts/_download-product-catalog.html.erb (7.7ms)
  Rendered layouts/_main.html.erb (86.6ms)
  Rendered layouts/_footer.html.erb (3.3ms)
  Rendered static_pages/home.html.erb within layouts/application (167.2ms)
  Rendered layouts/_shim.html.erb (0.5ms)
Completed 200 OK in 391ms (Views: 350.9ms | ActiveRecord: 0.0ms)


Started POST "/leads" for ::1 at 2017-06-14 01:15:06 -0300
Processing by LeadsController#create as HTML
  Parameters: {"utf8"=>"✓", "authenticity_token"=>"0SZWNqq040zEsSViqBLMFHroZ8kcUGHw/rWJTioEJMwNh8jcvrvs0habEGvpV/11mdDBqb3JCe7p3ZXPy3jyjA==", "lead"=>{"name"=>"Ana Carolina Silva", "email"=>"anacarolina.usp@gmail.com"}, "commit"=>"Request Now"}
  [1m[35m (0.2ms)[0m  [1m[35mBEGIN[0m
  [1m[35mSQL (3.4ms)[0m  [1m[32mINSERT INTO "leads" ("name", "email", "created_at", "updated_at") VALUES ($1, $2, $3, $4) RETURNING "id"[0m  [["name", "Ana Carolina Silva"], ["email", "anacarolina.usp@gmail.com"], ["created_at", 2017-06-14 04:15:06 UTC], ["updated_at", 2017-06-14 04:15:06 UTC]]
  [1m[35m (1.1ms)[0m  [1m[35mCOMMIT[0m
  Rendering lead_notifier_mailer/sample_email.html.erb within layouts/mailer
  Rendered lead_notifier_mailer/sample_email.html.erb within layouts/mailer (0.7ms)
  Rendering lead_notifier_mailer/sample_email.text.erb within layouts/mailer
  Rendered lead_notifier_mailer/sample_email.text.erb within layouts/mailer (0.7ms)
LeadNotifierMailer#sample_email: processed outbound mail in 199.1ms
Sent mail to anacarolina.usp@gmail.com (2694.4ms)
Date: Wed, 14 Jun 2017 01:15:06 -0300
From: info@spiborescopes.co
To: anacarolina.usp@gmail.com
Message-ID: <5940b84a80535_1214b3fd81f5556548337c@Anas-MacBook-Pro.local.mail>
Subject: Email from the SPI Borescopes Team
Mime-Version: 1.0
Content-Type: multipart/alternative;
 boundary="--==_mimepart_5940b84a7e21b_1214b3fd81f5556548323e";
 charset=UTF-8
Content-Transfer-Encoding: 7bit


----==_mimepart_5940b84a7e21b_1214b3fd81f5556548323e
Content-Type: text/plain;
 charset=UTF-8
Content-Transfer-Encoding: 7bit

Thank You!  Ana Carolina Silva
We will get you the info requested momentarily.
- SPI Borescopes Team


----==_mimepart_5940b84a7e21b_1214b3fd81f5556548323e
Content-Type: text/html;
 charset=UTF-8
Content-Transfer-Encoding: 7bit

<!DOCTYPE html>
<html>
  <head>
    <meta http-equiv="Content-Type" content="text/html; charset=utf-8" />
    <style>
      /* Email styles need to be inline */
    </style>
  </head>

  <body>
    <!DOCTYPE html>
<html>
  <head>
    <meta content='text/html; charset=UTF-8' http-equiv='Content-Type' />
  </head>
  <body>
    <h4>Thank You! Ana Carolina Silva</h4>
      <p>We will get you the info requested momentarily. </p>
    <blockquote> - SPI Borescopes Team</blockquote>
  </body>
</html>

  </body>
</html>

----==_mimepart_5940b84a7e21b_1214b3fd81f5556548323e--

Completed 500 Internal Server Error in 3003ms (ActiveRecord: 4.7ms)


  
Net::SMTPAuthenticationError (530-5.5.1 Authentication Required. Learn more at
):
  
app/controllers/leads_controller.rb:40:in `block in create'
app/controllers/leads_controller.rb:38:in `create'
  Rendering /Users/anasilva/.rvm/gems/ruby-2.4.0/gems/actionpack-5.0.2/lib/action_dispatch/middleware/templates/rescues/diagnostics.html.erb within rescues/layout
  Rendering /Users/anasilva/.rvm/gems/ruby-2.4.0/gems/actionpack-5.0.2/lib/action_dispatch/middleware/templates/rescues/_source.html.erb
  Rendered /Users/anasilva/.rvm/gems/ruby-2.4.0/gems/actionpack-5.0.2/lib/action_dispatch/middleware/templates/rescues/_source.html.erb (3.2ms)
  Rendering /Users/anasilva/.rvm/gems/ruby-2.4.0/gems/actionpack-5.0.2/lib/action_dispatch/middleware/templates/rescues/_trace.html.erb
  Rendered /Users/anasilva/.rvm/gems/ruby-2.4.0/gems/actionpack-5.0.2/lib/action_dispatch/middleware/templates/rescues/_trace.html.erb (1.7ms)
  Rendering /Users/anasilva/.rvm/gems/ruby-2.4.0/gems/actionpack-5.0.2/lib/action_dispatch/middleware/templates/rescues/_request_and_response.html.erb
  Rendered /Users/anasilva/.rvm/gems/ruby-2.4.0/gems/actionpack-5.0.2/lib/action_dispatch/middleware/templates/rescues/_request_and_response.html.erb (1.3ms)
  Rendered /Users/anasilva/.rvm/gems/ruby-2.4.0/gems/actionpack-5.0.2/lib/action_dispatch/middleware/templates/rescues/diagnostics.html.erb within rescues/layout (75.1ms)
Started POST "/leads" for ::1 at 2017-06-14 01:15:55 -0300
Processing by LeadsController#create as HTML
  Parameters: {"utf8"=>"✓", "authenticity_token"=>"5xZpc/0vRulyFMsHZ5BjSzc8Jr3K1g5BGuIej1i0xyI7t/eZ6SBJd6A+/g4m1VIq1ASA3WtPZl8NigIOucgRYg==", "lead"=>{"name"=>"Ana Carolina Silva", "email"=>"anacarolina.usp@gmail.com"}, "commit"=>"Request Now"}
  [1m[35m (0.2ms)[0m  [1m[35mBEGIN[0m
  [1m[35mSQL (1.6ms)[0m  [1m[32mINSERT INTO "leads" ("name", "email", "created_at", "updated_at") VALUES ($1, $2, $3, $4) RETURNING "id"[0m  [["name", "Ana Carolina Silva"], ["email", "anacarolina.usp@gmail.com"], ["created_at", 2017-06-14 04:15:55 UTC], ["updated_at", 2017-06-14 04:15:55 UTC]]
  [1m[35m (0.6ms)[0m  [1m[35mCOMMIT[0m
  Rendering request_mailer/lead_request.html.erb within layouts/mailer
  Rendered request_mailer/lead_request.html.erb within layouts/mailer (0.4ms)
RequestMailer#lead_request: processed outbound mail in 16.4ms
Sent mail to anacsilva.webdev@gmail.com, carygahm@gmail.com, mikewagner@spiborescopes.com, marcello@onthemapmarketing.com (3374.0ms)
Date: Wed, 14 Jun 2017 01:15:55 -0300
From: info@spiborescopes.co
To: anacsilva.webdev@gmail.com, 
 carygahm@gmail.com, 
 mikewagner@spiborescopes.com, 
 marcello@onthemapmarketing.com
Message-ID: <5940b87beaed6_1214b3fd81f55542483491@Anas-MacBook-Pro.local.mail>
Subject:  A lead has been issued !
Mime-Version: 1.0
Content-Type: text/html;
 charset=UTF-8
Content-Transfer-Encoding: 7bit

<!DOCTYPE html>
<html>
  <head>
    <meta http-equiv="Content-Type" content="text/html; charset=utf-8" />
    <style>
      /* Email styles need to be inline */
    </style>
  </head>

  <body>
    <!DOCTYPE html>
<html>
  <head>
    <meta content='text/html; charset=UTF-8' http-equiv='Content-Type' />
  </head>
  <body>
    <h5>New lead request from spiborescopes.com !</h5>
      <table>
      <tr>
        <td>Name:</td>
        <td>Ana Carolina Silva </br></td>
      </tr>
      <tr>
        <td>Email: </td>
        <td>anacarolina.usp@gmail.com</br></td>
      </tr>
      <tr>
        <td>Profile Link: </td>
        <td>Coming Soon!</br></td>
      </tr>
    </table>
  </body>
</html>

  </body>
</html>

Completed 500 Internal Server Error in 3417ms (ActiveRecord: 2.5ms)


  
Net::SMTPAuthenticationError (530-5.5.1 Authentication Required. Learn more at
):
  
app/controllers/leads_controller.rb:41:in `block in create'
app/controllers/leads_controller.rb:38:in `create'
  Rendering /Users/anasilva/.rvm/gems/ruby-2.4.0/gems/actionpack-5.0.2/lib/action_dispatch/middleware/templates/rescues/diagnostics.html.erb within rescues/layout
  Rendering /Users/anasilva/.rvm/gems/ruby-2.4.0/gems/actionpack-5.0.2/lib/action_dispatch/middleware/templates/rescues/_source.html.erb
  Rendered /Users/anasilva/.rvm/gems/ruby-2.4.0/gems/actionpack-5.0.2/lib/action_dispatch/middleware/templates/rescues/_source.html.erb (3.4ms)
  Rendering /Users/anasilva/.rvm/gems/ruby-2.4.0/gems/actionpack-5.0.2/lib/action_dispatch/middleware/templates/rescues/_trace.html.erb
  Rendered /Users/anasilva/.rvm/gems/ruby-2.4.0/gems/actionpack-5.0.2/lib/action_dispatch/middleware/templates/rescues/_trace.html.erb (2.2ms)
  Rendering /Users/anasilva/.rvm/gems/ruby-2.4.0/gems/actionpack-5.0.2/lib/action_dispatch/middleware/templates/rescues/_request_and_response.html.erb
  Rendered /Users/anasilva/.rvm/gems/ruby-2.4.0/gems/actionpack-5.0.2/lib/action_dispatch/middleware/templates/rescues/_request_and_response.html.erb (1.1ms)
  Rendered /Users/anasilva/.rvm/gems/ruby-2.4.0/gems/actionpack-5.0.2/lib/action_dispatch/middleware/templates/rescues/diagnostics.html.erb within rescues/layout (65.6ms)
Started POST "/leads" for ::1 at 2017-06-14 01:16:09 -0300
Processing by LeadsController#create as HTML
  Parameters: {"utf8"=>"✓", "authenticity_token"=>"5xZpc/0vRulyFMsHZ5BjSzc8Jr3K1g5BGuIej1i0xyI7t/eZ6SBJd6A+/g4m1VIq1ASA3WtPZl8NigIOucgRYg==", "lead"=>{"name"=>"Ana Carolina Silva", "email"=>"anacarolina.usp@gmail.com"}, "commit"=>"Request Now"}
  [1m[35m (0.2ms)[0m  [1m[35mBEGIN[0m
  [1m[35mSQL (0.5ms)[0m  [1m[32mINSERT INTO "leads" ("name", "email", "created_at", "updated_at") VALUES ($1, $2, $3, $4) RETURNING "id"[0m  [["name", "Ana Carolina Silva"], ["email", "anacarolina.usp@gmail.com"], ["created_at", 2017-06-14 04:16:09 UTC], ["updated_at", 2017-06-14 04:16:09 UTC]]
  [1m[35m (0.6ms)[0m  [1m[35mCOMMIT[0m
Redirected to http://localhost:3000/leads/3/edit
Completed 302 Found in 18ms (ActiveRecord: 1.3ms)


Started GET "/leads/3/edit" for ::1 at 2017-06-14 01:16:09 -0300
Processing by LeadsController#edit as HTML
  Parameters: {"id"=>"3"}
  [1m[36mLead Load (0.8ms)[0m  [1m[34mSELECT  "leads".* FROM "leads" WHERE "leads"."id" = $1 LIMIT $2[0m  [["id", 3], ["LIMIT", 1]]
  Rendering leads/edit.html.erb within layouts/application
  Rendered layouts/_menu.html.erb (7.5ms)
  Rendered layouts/_side_nav.html.erb (0.7ms)
  Rendered layouts/_header.html.erb (12.0ms)
  [1m[36mOrigin Load (1.1ms)[0m  [1m[34mSELECT "origins".* FROM "origins"[0m
  Rendered leads/_form_completion.html.erb (440.8ms)
  Rendered layouts/_footer.html.erb (1.8ms)
  Rendered leads/edit.html.erb within layouts/application (460.6ms)
  Rendered layouts/_shim.html.erb (0.4ms)
Completed 200 OK in 612ms (Views: 585.2ms | ActiveRecord: 6.5ms)


Started PATCH "/leads/3" for ::1 at 2017-06-14 01:16:18 -0300
Processing by LeadsController#update as HTML
  Parameters: {"utf8"=>"✓", "authenticity_token"=>"je4naGLylb3IK1lRXrLqDLcRiw6A402giptiQWASGl5RT7mCdv2aIxoBbFgf99ttVCktbiF6Jb6d837AgW7MHg==", "lead"=>{"name"=>"Ana Carolina Silva", "email"=>"anacarolina.usp@gmail.com", "phone"=>"7866131100", "company"=>"OTM", "origin_ids"=>[""]}, "commit"=>"Submit", "id"=>"3"}
  [1m[36mLead Load (2.5ms)[0m  [1m[34mSELECT  "leads".* FROM "leads" WHERE "leads"."id" = $1 LIMIT $2[0m  [["id", 3], ["LIMIT", 1]]
  [1m[35m (0.2ms)[0m  [1m[35mBEGIN[0m
  [1m[36mOrigin Load (0.5ms)[0m  [1m[34mSELECT "origins".* FROM "origins" WHERE 1=0[0m
  [1m[36mOrigin Load (0.4ms)[0m  [1m[34mSELECT "origins".* FROM "origins" INNER JOIN "leads_origins" ON "origins"."id" = "leads_origins"."origin_id" WHERE "leads_origins"."lead_id" = $1[0m  [["lead_id", 3]]
  [1m[35mSQL (0.5ms)[0m  [1m[33mUPDATE "leads" SET "phone" = $1, "company" = $2, "updated_at" = $3 WHERE "leads"."id" = $4[0m  [["phone", "7866131100"], ["company", "OTM"], ["updated_at", 2017-06-14 04:16:18 UTC], ["id", 3]]
  [1m[35m (0.5ms)[0m  [1m[35mCOMMIT[0m
  Rendering request_mailer/lead_update.html.erb within layouts/mailer
  Rendered request_mailer/lead_update.html.erb within layouts/mailer (0.5ms)
RequestMailer#lead_update: processed outbound mail in 17.4ms
Sent mail to anacsilva.webdev@gmail.com, carygahm@gmail.com, mikewagner@spiborescopes.com, marcello@onthemapmarketing.com (1816.9ms)
Date: Wed, 14 Jun 2017 01:16:18 -0300
From: info@spiborescopes.co
To: anacsilva.webdev@gmail.com, 
 carygahm@gmail.com, 
 mikewagner@spiborescopes.com, 
 marcello@onthemapmarketing.com
Message-ID: <5940b89290fbb_1214b3fd81f555654835d4@Anas-MacBook-Pro.local.mail>
Subject:  An Existing lead has been updated !
Mime-Version: 1.0
Content-Type: text/html;
 charset=UTF-8
Content-Transfer-Encoding: 7bit

<!DOCTYPE html>
<html>
  <head>
    <meta http-equiv="Content-Type" content="text/html; charset=utf-8" />
    <style>
      /* Email styles need to be inline */
    </style>
  </head>

  <body>
    <!DOCTYPE html>
<html>
  <head>
    <meta content='text/html; charset=UTF-8' http-equiv='Content-Type' />
  </head>
  <body>
    <h5>New lead request from spiborescopes.com !</h5>
      <table>
      <tr>
        <td>Name:</td>
        <td>Ana Carolina Silva </br></td>
      </tr>
      <tr>
        <td>Email: </td>
        <td>anacarolina.usp@gmail.com</br></td>
      </tr>
      <tr>
        <td>Phone: </td>
        <td>7866131100</br></td>
      </tr>
      <tr>
        <td>Company: </td>
        <td>OTM</br></td>
      </tr>
      <tr>
        <td>Profile Link: </td>
        <td>Coming Soon!</br></td>
      </tr>
    </table>
  </body>
</html>

  </body>
</html>

Completed 500 Internal Server Error in 1892ms (ActiveRecord: 11.5ms)


  
Net::SMTPAuthenticationError (530-5.5.1 Authentication Required. Learn more at
):
  
app/controllers/leads_controller.rb:56:in `block in update'
app/controllers/leads_controller.rb:54:in `update'
  Rendering /Users/anasilva/.rvm/gems/ruby-2.4.0/gems/actionpack-5.0.2/lib/action_dispatch/middleware/templates/rescues/diagnostics.html.erb within rescues/layout
  Rendering /Users/anasilva/.rvm/gems/ruby-2.4.0/gems/actionpack-5.0.2/lib/action_dispatch/middleware/templates/rescues/_source.html.erb
  Rendered /Users/anasilva/.rvm/gems/ruby-2.4.0/gems/actionpack-5.0.2/lib/action_dispatch/middleware/templates/rescues/_source.html.erb (4.9ms)
  Rendering /Users/anasilva/.rvm/gems/ruby-2.4.0/gems/actionpack-5.0.2/lib/action_dispatch/middleware/templates/rescues/_trace.html.erb
  Rendered /Users/anasilva/.rvm/gems/ruby-2.4.0/gems/actionpack-5.0.2/lib/action_dispatch/middleware/templates/rescues/_trace.html.erb (4.4ms)
  Rendering /Users/anasilva/.rvm/gems/ruby-2.4.0/gems/actionpack-5.0.2/lib/action_dispatch/middleware/templates/rescues/_request_and_response.html.erb
  Rendered /Users/anasilva/.rvm/gems/ruby-2.4.0/gems/actionpack-5.0.2/lib/action_dispatch/middleware/templates/rescues/_request_and_response.html.erb (1.2ms)
  Rendered /Users/anasilva/.rvm/gems/ruby-2.4.0/gems/actionpack-5.0.2/lib/action_dispatch/middleware/templates/rescues/diagnostics.html.erb within rescues/layout (71.8ms)
Started GET "/" for ::1 at 2017-06-14 01:16:30 -0300
Processing by StaticPagesController#home as HTML
  Rendering static_pages/home.html.erb within layouts/application
  Rendered layouts/_menu.html.erb (3.3ms)
  Rendered layouts/_side_nav.html.erb (0.4ms)
  Rendered layouts/_header_home.html.erb (8.5ms)
  Rendered layouts/_spi-products.erb (5.8ms)
  Rendered leads/_form_demo.html.erb (2.1ms)
  Rendered layouts/_free_demo.html.erb (8.1ms)
  Rendered layouts/_partners.html.erb (19.2ms)
  Rendered leads/_form_demo.html.erb (1.0ms)
  Rendered layouts/_download-product-catalog.html.erb (3.6ms)
  Rendered layouts/_main.html.erb (44.1ms)
  Rendered layouts/_footer.html.erb (2.3ms)
  Rendered static_pages/home.html.erb within layouts/application (59.9ms)
  Rendered layouts/_shim.html.erb (0.5ms)
Completed 200 OK in 233ms (Views: 218.1ms | ActiveRecord: 0.0ms)


Started POST "/leads" for ::1 at 2017-06-14 01:16:44 -0300
Processing by LeadsController#create as HTML
  Parameters: {"utf8"=>"✓", "authenticity_token"=>"+UplmROumivRgZIX/cxFijTnn4MlKDTVnLO/kHY7WFIl6/tzB6GVtQOrpx68iXTr198544SxXMuL26MRl0eOEg==", "lead"=>{"name"=>"Ana Carolina Silva", "email"=>"anacarolina.usp@gmail.com"}, "commit"=>"Request Now"}
  [1m[35m (0.1ms)[0m  [1m[35mBEGIN[0m
  [1m[35mSQL (1.9ms)[0m  [1m[32mINSERT INTO "leads" ("name", "email", "created_at", "updated_at") VALUES ($1, $2, $3, $4) RETURNING "id"[0m  [["name", "Ana Carolina Silva"], ["email", "anacarolina.usp@gmail.com"], ["created_at", 2017-06-14 04:16:44 UTC], ["updated_at", 2017-06-14 04:16:44 UTC]]
  [1m[35m (2.1ms)[0m  [1m[35mCOMMIT[0m
Redirected to http://localhost:3000/leads/4/edit
Completed 302 Found in 9ms (ActiveRecord: 4.1ms)


Started GET "/leads/4/edit" for ::1 at 2017-06-14 01:16:44 -0300
Processing by LeadsController#edit as HTML
  Parameters: {"id"=>"4"}
  [1m[36mLead Load (0.3ms)[0m  [1m[34mSELECT  "leads".* FROM "leads" WHERE "leads"."id" = $1 LIMIT $2[0m  [["id", 4], ["LIMIT", 1]]
  Rendering leads/edit.html.erb within layouts/application
  Rendered layouts/_menu.html.erb (4.1ms)
  Rendered layouts/_side_nav.html.erb (0.7ms)
  Rendered layouts/_header.html.erb (9.3ms)
  [1m[36mOrigin Load (0.3ms)[0m  [1m[34mSELECT "origins".* FROM "origins"[0m
  Rendered leads/_form_completion.html.erb (26.6ms)
  Rendered layouts/_footer.html.erb (2.4ms)
  Rendered leads/edit.html.erb within layouts/application (48.5ms)
  Rendered layouts/_shim.html.erb (0.3ms)
Completed 200 OK in 159ms (Views: 152.0ms | ActiveRecord: 3.5ms)


Started PATCH "/leads/4" for ::1 at 2017-06-14 01:16:51 -0300
Processing by LeadsController#update as HTML
  Parameters: {"utf8"=>"✓", "authenticity_token"=>"HiGMbEzkVCiRDB7Yy3ZRKjjAJoItSh2KH8N7pvjz2wfCgBKGWOtbtkMmK9GKM2BL2/iA4ozTdZQIq2cnGY8NRw==", "lead"=>{"name"=>"ANA CAROLINA ALBERTINO DA SILVA", "email"=>"anacarolina.usp@gmail.com", "phone"=>"7866131100", "company"=>"OTM", "origin_ids"=>[""]}, "commit"=>"Submit", "id"=>"4"}
  [1m[36mLead Load (2.2ms)[0m  [1m[34mSELECT  "leads".* FROM "leads" WHERE "leads"."id" = $1 LIMIT $2[0m  [["id", 4], ["LIMIT", 1]]
  [1m[35m (0.1ms)[0m  [1m[35mBEGIN[0m
  [1m[36mOrigin Load (0.5ms)[0m  [1m[34mSELECT "origins".* FROM "origins" WHERE 1=0[0m
  [1m[36mOrigin Load (0.4ms)[0m  [1m[34mSELECT "origins".* FROM "origins" INNER JOIN "leads_origins" ON "origins"."id" = "leads_origins"."origin_id" WHERE "leads_origins"."lead_id" = $1[0m  [["lead_id", 4]]
  [1m[35mSQL (0.8ms)[0m  [1m[33mUPDATE "leads" SET "name" = $1, "phone" = $2, "company" = $3, "updated_at" = $4 WHERE "leads"."id" = $5[0m  [["name", "ANA CAROLINA ALBERTINO DA SILVA"], ["phone", "7866131100"], ["company", "OTM"], ["updated_at", 2017-06-14 04:16:51 UTC], ["id", 4]]
  [1m[35m (0.8ms)[0m  [1m[35mCOMMIT[0m
Redirected to http://localhost:3000/leads/4
Completed 302 Found in 26ms (ActiveRecord: 14.2ms)


Started GET "/leads/4" for ::1 at 2017-06-14 01:16:51 -0300
Processing by LeadsController#show as HTML
  Parameters: {"id"=>"4"}
  [1m[36mLead Load (0.7ms)[0m  [1m[34mSELECT  "leads".* FROM "leads" WHERE "leads"."id" = $1 LIMIT $2[0m  [["id", 4], ["LIMIT", 1]]
  Rendering leads/show.html.erb within layouts/application
  Rendered layouts/_menu.html.erb (2.3ms)
  Rendered layouts/_side_nav.html.erb (0.4ms)
  Rendered layouts/_header.html.erb (8.3ms)
  Rendered layouts/_footer.html.erb (1.4ms)
  Rendered leads/show.html.erb within layouts/application (13.2ms)
  Rendered layouts/_shim.html.erb (0.4ms)
Completed 200 OK in 113ms (Views: 107.4ms | ActiveRecord: 1.0ms)


Started GET "/" for ::1 at 2017-06-14 01:17:20 -0300
Processing by StaticPagesController#home as HTML
  Rendering static_pages/home.html.erb within layouts/application
  Rendered layouts/_menu.html.erb (3.9ms)
  Rendered layouts/_side_nav.html.erb (0.7ms)
  Rendered layouts/_header_home.html.erb (10.4ms)
  Rendered layouts/_spi-products.erb (4.6ms)
  Rendered leads/_form_demo.html.erb (2.0ms)
  Rendered layouts/_free_demo.html.erb (8.7ms)
  Rendered layouts/_partners.html.erb (21.3ms)
  Rendered leads/_form_demo.html.erb (1.4ms)
  Rendered layouts/_download-product-catalog.html.erb (5.6ms)
  Rendered layouts/_main.html.erb (46.9ms)
  Rendered layouts/_footer.html.erb (9.5ms)
  Rendered static_pages/home.html.erb within layouts/application (72.4ms)
  Rendered layouts/_shim.html.erb (0.5ms)
Completed 200 OK in 179ms (Views: 175.9ms | ActiveRecord: 0.0ms)


Started GET "/inspection-camera/articulating/video-borescope/x1-series" for ::1 at 2017-06-14 01:17:23 -0300
Processing by StaticPagesController#x1Series as HTML
  Rendering static_pages/x1Series.html.erb within layouts/application
  Rendered layouts/product-page/tags/_x1-series.html.erb (0.4ms)
  Rendered layouts/product-page/description/_x1-series.html.erb (1.0ms)
  Rendered layouts/product-page/key-features/_x1-series.html.erb (0.4ms)
  Rendered layouts/product-page/key-features/_x1-series-2.html.erb (0.4ms)
  Rendered leads/_form_demo.html.erb (2.3ms)
  Rendered layouts/_menu.html.erb (3.0ms)
  Rendered layouts/_side_nav.html.erb (0.4ms)
  Rendered layouts/_header.html.erb (9.2ms)
  Rendered layouts/product-page/_slide.html.erb (0.5ms)
  Rendered layouts/product-page/_download.html.erb (0.5ms)
  Rendered leads/_form_demo.html.erb (0.5ms)
  Rendered layouts/_free_demo.html.erb (4.0ms)
  Rendered layouts/_footer.html.erb (1.6ms)
  Rendered static_pages/x1Series.html.erb within layouts/application (58.4ms)
  Rendered layouts/_shim.html.erb (0.4ms)
Completed 200 OK in 156ms (Views: 152.0ms | ActiveRecord: 0.0ms)


Started POST "/leads" for ::1 at 2017-06-14 01:17:30 -0300
Processing by LeadsController#create as HTML
  Parameters: {"utf8"=>"✓", "authenticity_token"=>"S1MfU7S/V1b0/WWv3EfA7OFGQzAf44yjl6nc9VyCR7iX8oG5oLBYyCbXUKadAvGNAn7lUL565L2AwcB0vf6R+A==", "lead"=>{"name"=>"Ana Carolina Silva", "email"=>"anacarolina.usp@gmail.com"}, "commit"=>"Request Now"}
  [1m[35m (0.2ms)[0m  [1m[35mBEGIN[0m
  [1m[35mSQL (0.6ms)[0m  [1m[32mINSERT INTO "leads" ("name", "email", "created_at", "updated_at") VALUES ($1, $2, $3, $4) RETURNING "id"[0m  [["name", "Ana Carolina Silva"], ["email", "anacarolina.usp@gmail.com"], ["created_at", 2017-06-14 04:17:30 UTC], ["updated_at", 2017-06-14 04:17:30 UTC]]
  [1m[35m (0.4ms)[0m  [1m[35mCOMMIT[0m
Redirected to http://localhost:3000/leads/5/edit
Completed 302 Found in 5ms (ActiveRecord: 1.2ms)


Started GET "/leads/5/edit" for ::1 at 2017-06-14 01:17:30 -0300
Processing by LeadsController#edit as HTML
  Parameters: {"id"=>"5"}
  [1m[36mLead Load (0.8ms)[0m  [1m[34mSELECT  "leads".* FROM "leads" WHERE "leads"."id" = $1 LIMIT $2[0m  [["id", 5], ["LIMIT", 1]]
  Rendering leads/edit.html.erb within layouts/application
  Rendered layouts/_menu.html.erb (3.8ms)
  Rendered layouts/_side_nav.html.erb (0.6ms)
  Rendered layouts/_header.html.erb (7.5ms)
  [1m[36mOrigin Load (0.9ms)[0m  [1m[34mSELECT "origins".* FROM "origins"[0m
  Rendered leads/_form_completion.html.erb (5.3ms)
  Rendered layouts/_footer.html.erb (1.9ms)
  Rendered leads/edit.html.erb within layouts/application (20.4ms)
  Rendered layouts/_shim.html.erb (0.5ms)
Completed 200 OK in 127ms (Views: 119.8ms | ActiveRecord: 2.3ms)


Started GET "/inspection-camera/pipe-inspection/digital-video-borescope/jcm-series" for ::1 at 2017-06-14 01:17:33 -0300
Processing by StaticPagesController#jcmSeries as HTML
  Rendering static_pages/jcmSeries.html.erb within layouts/application
  Rendered layouts/product-page/tags/_jcm-series.html.erb (0.4ms)
  Rendered layouts/product-page/description/_jcm-series.html.erb (0.4ms)
  Rendered layouts/product-page/key-features/_jcm-series.html.erb (0.4ms)
  Rendered layouts/product-page/key-features/_jcm-series-2.html.erb (0.4ms)
  Rendered leads/_form_demo.html.erb (1.5ms)
  Rendered layouts/_menu.html.erb (2.3ms)
  Rendered layouts/_side_nav.html.erb (0.4ms)
  Rendered layouts/_header.html.erb (5.8ms)
  Rendered layouts/product-page/_slide.html.erb (0.5ms)
  Rendered layouts/product-page/_feature-customized-jcm.html.erb (0.9ms)
  Rendered layouts/product-page/_download.html.erb (1.5ms)
  Rendered leads/_form_demo.html.erb (0.5ms)
  Rendered layouts/_free_demo.html.erb (4.0ms)
  Rendered layouts/_footer.html.erb (1.4ms)
  Rendered static_pages/jcmSeries.html.erb within layouts/application (52.3ms)
  Rendered layouts/_shim.html.erb (0.4ms)
Completed 200 OK in 154ms (Views: 150.6ms | ActiveRecord: 0.0ms)


Started GET "/inspection-camera/pipe-inspection/digital-video-borescope/jcm-series" for ::1 at 2017-06-14 01:17:36 -0300
Processing by StaticPagesController#jcmSeries as HTML
  Rendering static_pages/jcmSeries.html.erb within layouts/application
  Rendered layouts/product-page/tags/_jcm-series.html.erb (0.3ms)
  Rendered layouts/product-page/description/_jcm-series.html.erb (0.4ms)
  Rendered layouts/product-page/key-features/_jcm-series.html.erb (0.4ms)
  Rendered layouts/product-page/key-features/_jcm-series-2.html.erb (0.6ms)
  Rendered leads/_form_demo.html.erb (4.0ms)
  Rendered layouts/_menu.html.erb (2.4ms)
  Rendered layouts/_side_nav.html.erb (0.5ms)
  Rendered layouts/_header.html.erb (7.2ms)
  Rendered layouts/product-page/_slide.html.erb (0.9ms)
  Rendered layouts/product-page/_feature-customized-jcm.html.erb (0.7ms)
  Rendered layouts/product-page/_download.html.erb (0.5ms)
  Rendered leads/_form_demo.html.erb (0.5ms)
  Rendered layouts/_free_demo.html.erb (4.4ms)
  Rendered layouts/_footer.html.erb (1.4ms)
  Rendered static_pages/jcmSeries.html.erb within layouts/application (57.1ms)
  Rendered layouts/_shim.html.erb (0.4ms)
Completed 200 OK in 159ms (Views: 157.7ms | ActiveRecord: 0.0ms)


Started GET "/" for ::1 at 2017-06-14 01:17:38 -0300
Processing by StaticPagesController#home as HTML
  Rendering static_pages/home.html.erb within layouts/application
  Rendered layouts/_menu.html.erb (2.9ms)
  Rendered layouts/_side_nav.html.erb (0.5ms)
  Rendered layouts/_header_home.html.erb (8.1ms)
  Rendered layouts/_spi-products.erb (2.7ms)
  Rendered leads/_form_demo.html.erb (1.7ms)
  Rendered layouts/_free_demo.html.erb (5.5ms)
  Rendered layouts/_partners.html.erb (24.3ms)
  Rendered leads/_form_demo.html.erb (0.9ms)
  Rendered layouts/_download-product-catalog.html.erb (3.4ms)
  Rendered layouts/_main.html.erb (42.6ms)
  Rendered layouts/_footer.html.erb (2.5ms)
  Rendered static_pages/home.html.erb within layouts/application (58.1ms)
  Rendered layouts/_shim.html.erb (0.4ms)
Completed 200 OK in 161ms (Views: 159.8ms | ActiveRecord: 0.0ms)


Started GET "/" for ::1 at 2017-06-14 01:21:34 -0300
Processing by StaticPagesController#home as HTML
  Rendering static_pages/home.html.erb within layouts/application
  Rendered layouts/_menu.html.erb (7.4ms)
  Rendered layouts/_side_nav.html.erb (0.6ms)
  Rendered layouts/_header_home.html.erb (13.5ms)
  Rendered layouts/_spi-products.erb (4.8ms)
  Rendered leads/_form_demo.html.erb (1.7ms)
  Rendered layouts/_free_demo.html.erb (8.3ms)
  Rendered layouts/_partners.html.erb (21.9ms)
  Rendered leads/_form_demo.html.erb (0.9ms)
  Rendered layouts/_download-product-catalog.html.erb (4.6ms)
  Rendered layouts/_main.html.erb (46.0ms)
  Rendered layouts/_footer.html.erb (2.3ms)
  Rendered static_pages/home.html.erb within layouts/application (67.3ms)
  Rendered layouts/_shim.html.erb (0.6ms)
Completed 200 OK in 196ms (Views: 182.0ms | ActiveRecord: 0.0ms)


Started GET "/inspection-camera/about" for ::1 at 2017-06-14 01:21:57 -0300
Processing by StaticPagesController#about as HTML
  Rendering static_pages/about.html.erb within layouts/application
  Rendered layouts/_menu.html.erb (6.0ms)
  Rendered layouts/_side_nav.html.erb (0.4ms)
  Rendered layouts/_header.html.erb (10.5ms)
  Rendered layouts/_about.html.erb (0.5ms)
  Rendered layouts/_footer.html.erb (1.8ms)
  Rendered static_pages/about.html.erb within layouts/application (17.8ms)
  Rendered layouts/_shim.html.erb (0.3ms)
Completed 200 OK in 133ms (Views: 129.0ms | ActiveRecord: 0.0ms)


Started GET "/" for ::1 at 2017-06-14 01:22:17 -0300
Processing by StaticPagesController#home as HTML
  Rendering static_pages/home.html.erb within layouts/application
  Rendered layouts/_menu.html.erb (2.7ms)
  Rendered layouts/_side_nav.html.erb (0.4ms)
  Rendered layouts/_header_home.html.erb (6.6ms)
  Rendered layouts/_spi-products.erb (5.1ms)
  Rendered leads/_form_demo.html.erb (1.2ms)
  Rendered layouts/_free_demo.html.erb (7.0ms)
  Rendered layouts/_partners.html.erb (20.0ms)
  Rendered leads/_form_demo.html.erb (0.6ms)
  Rendered layouts/_download-product-catalog.html.erb (3.5ms)
  Rendered layouts/_main.html.erb (41.8ms)
  Rendered layouts/_footer.html.erb (1.9ms)
  Rendered static_pages/home.html.erb within layouts/application (55.1ms)
  Rendered layouts/_shim.html.erb (0.5ms)
Completed 200 OK in 148ms (Views: 144.7ms | ActiveRecord: 0.0ms)


Started GET "/inspection-camera/faq" for ::1 at 2017-06-14 01:22:46 -0300
Processing by StaticPagesController#faq as HTML
  Rendering static_pages/faq.html.erb within layouts/application
  Rendered layouts/_menu.html.erb (3.2ms)
  Rendered layouts/_side_nav.html.erb (0.4ms)
  Rendered layouts/_header.html.erb (6.5ms)
  Rendered layouts/_faq.html.erb (0.6ms)
  Rendered layouts/_footer.html.erb (1.7ms)
  Rendered static_pages/faq.html.erb within layouts/application (14.2ms)
  Rendered layouts/_shim.html.erb (0.6ms)
Completed 200 OK in 120ms (Views: 118.0ms | ActiveRecord: 0.0ms)


Started GET "/inspection-camera/articulating/video-borescope/x1-series" for ::1 at 2017-06-14 01:26:18 -0300
Processing by StaticPagesController#x1Series as HTML
  Rendering static_pages/x1Series.html.erb within layouts/application
  Rendered layouts/product-page/tags/_x1-series.html.erb (9.7ms)
  Rendered layouts/product-page/description/_x1-series.html.erb (0.4ms)
  Rendered layouts/product-page/key-features/_x1-series.html.erb (0.4ms)
  Rendered layouts/product-page/key-features/_x1-series-2.html.erb (0.3ms)
  Rendered leads/_form_demo.html.erb (1.3ms)
  Rendered layouts/_menu.html.erb (2.8ms)
  Rendered layouts/_side_nav.html.erb (0.3ms)
  Rendered layouts/_header.html.erb (6.9ms)
  Rendered layouts/product-page/_slide.html.erb (0.4ms)
  Rendered layouts/product-page/_download.html.erb (0.4ms)
  Rendered leads/_form_demo.html.erb (0.5ms)
  Rendered layouts/_free_demo.html.erb (4.9ms)
  Rendered layouts/_footer.html.erb (1.5ms)
  Rendered static_pages/x1Series.html.erb within layouts/application (51.9ms)
  Rendered layouts/_shim.html.erb (0.4ms)
Completed 200 OK in 152ms (Views: 148.7ms | ActiveRecord: 0.0ms)


Started GET "/inspection-camera/faq" for ::1 at 2017-06-14 01:27:20 -0300
Processing by StaticPagesController#faq as HTML
  Rendering static_pages/faq.html.erb within layouts/application
  Rendered layouts/_menu.html.erb (10.9ms)
  Rendered layouts/_side_nav.html.erb (0.7ms)
  Rendered layouts/_header.html.erb (17.0ms)
  Rendered layouts/_faq.html.erb (0.6ms)
  Rendered layouts/_footer.html.erb (2.2ms)
  Rendered static_pages/faq.html.erb within layouts/application (26.1ms)
  Rendered layouts/_shim.html.erb (0.5ms)
Completed 200 OK in 136ms (Views: 134.4ms | ActiveRecord: 0.0ms)


Started GET "/inspection-camera/faq" for ::1 at 2017-06-14 01:27:39 -0300
Processing by StaticPagesController#faq as HTML
  Rendering static_pages/faq.html.erb within layouts/application
  Rendered layouts/_menu.html.erb (4.2ms)
  Rendered layouts/_side_nav.html.erb (0.5ms)
  Rendered layouts/_header.html.erb (9.2ms)
  Rendered layouts/_faq.html.erb (1.0ms)
  Rendered layouts/_footer.html.erb (2.6ms)
  Rendered static_pages/faq.html.erb within layouts/application (20.0ms)
  Rendered layouts/_shim.html.erb (0.6ms)
Completed 200 OK in 114ms (Views: 112.6ms | ActiveRecord: 0.0ms)


Started GET "/inspection-camera/faq" for ::1 at 2017-06-14 01:28:20 -0300
Processing by StaticPagesController#faq as HTML
  Rendering static_pages/faq.html.erb within layouts/application
  Rendered layouts/_menu.html.erb (4.1ms)
  Rendered layouts/_side_nav.html.erb (0.5ms)
  Rendered layouts/_header.html.erb (8.6ms)
  Rendered layouts/_faq.html.erb (0.5ms)
  Rendered layouts/_footer.html.erb (1.9ms)
  Rendered static_pages/faq.html.erb within layouts/application (15.6ms)
  Rendered layouts/_shim.html.erb (0.5ms)
Completed 200 OK in 120ms (Views: 118.4ms | ActiveRecord: 0.0ms)


Started GET "/inspection-camera/faq" for ::1 at 2017-06-14 01:29:25 -0300
Processing by StaticPagesController#faq as HTML
  Rendering static_pages/faq.html.erb within layouts/application
  Rendered layouts/_menu.html.erb (2.2ms)
  Rendered layouts/_side_nav.html.erb (0.5ms)
  Rendered layouts/_header.html.erb (5.2ms)
  Rendered layouts/_faq.html.erb (0.4ms)
  Rendered layouts/_footer.html.erb (2.5ms)
  Rendered static_pages/faq.html.erb within layouts/application (13.3ms)
  Rendered layouts/_shim.html.erb (0.4ms)
Completed 200 OK in 103ms (Views: 101.5ms | ActiveRecord: 0.0ms)


Started GET "/inspection-camera/faq" for ::1 at 2017-06-14 01:30:10 -0300
Processing by StaticPagesController#faq as HTML
  Rendering static_pages/faq.html.erb within layouts/application
  Rendered layouts/_menu.html.erb (3.2ms)
  Rendered layouts/_side_nav.html.erb (0.4ms)
  Rendered layouts/_header.html.erb (6.2ms)
  Rendered layouts/_faq.html.erb (0.4ms)
  Rendered layouts/_footer.html.erb (1.3ms)
  Rendered static_pages/faq.html.erb within layouts/application (11.6ms)
  Rendered layouts/_shim.html.erb (0.4ms)
Completed 200 OK in 129ms (Views: 127.9ms | ActiveRecord: 0.0ms)


Started GET "/inspection-camera/faq" for ::1 at 2017-06-14 01:30:32 -0300
Processing by StaticPagesController#faq as HTML
  Rendering static_pages/faq.html.erb within layouts/application
  Rendered layouts/_menu.html.erb (2.2ms)
  Rendered layouts/_side_nav.html.erb (0.4ms)
  Rendered layouts/_header.html.erb (5.1ms)
  Rendered layouts/_faq.html.erb (0.4ms)
  Rendered layouts/_footer.html.erb (1.8ms)
  Rendered static_pages/faq.html.erb within layouts/application (11.7ms)
  Rendered layouts/_shim.html.erb (0.5ms)
Completed 200 OK in 97ms (Views: 95.3ms | ActiveRecord: 0.0ms)


Started GET "/inspection-camera/warranty" for ::1 at 2017-06-14 01:30:53 -0300
Processing by StaticPagesController#warranty as HTML
  Rendering static_pages/warranty.html.erb within layouts/application
  Rendered layouts/_menu.html.erb (2.8ms)
  Rendered layouts/_side_nav.html.erb (0.4ms)
  Rendered layouts/_header.html.erb (5.9ms)
  Rendered layouts/_warranty.html.erb (0.6ms)
  Rendered layouts/_footer.html.erb (1.4ms)
  Rendered static_pages/warranty.html.erb within layouts/application (12.5ms)
  Rendered layouts/_shim.html.erb (0.5ms)
Completed 200 OK in 103ms (Views: 101.4ms | ActiveRecord: 0.0ms)


Started GET "/inspection-camera/warranty" for ::1 at 2017-06-14 01:34:14 -0300
Processing by StaticPagesController#warranty as HTML
  Rendering static_pages/warranty.html.erb within layouts/application
  Rendered layouts/_menu.html.erb (3.6ms)
  Rendered layouts/_side_nav.html.erb (0.4ms)
  Rendered layouts/_header.html.erb (7.7ms)
  Rendered layouts/_warranty.html.erb (0.6ms)
  Rendered layouts/_footer.html.erb (2.0ms)
  Rendered static_pages/warranty.html.erb within layouts/application (15.1ms)
  Rendered layouts/_shim.html.erb (0.4ms)
Completed 200 OK in 125ms (Views: 122.8ms | ActiveRecord: 0.0ms)


Started GET "/inspection-camera/warranty" for ::1 at 2017-06-14 01:35:10 -0300
Processing by StaticPagesController#warranty as HTML
  Rendering static_pages/warranty.html.erb within layouts/application
  Rendered layouts/_menu.html.erb (4.0ms)
  Rendered layouts/_side_nav.html.erb (0.5ms)
  Rendered layouts/_header.html.erb (8.8ms)
  Rendered layouts/_warranty.html.erb (0.4ms)
  Rendered layouts/_footer.html.erb (2.0ms)
  Rendered static_pages/warranty.html.erb within layouts/application (16.3ms)
  Rendered layouts/_shim.html.erb (0.5ms)
Completed 200 OK in 135ms (Views: 133.1ms | ActiveRecord: 0.0ms)


Started GET "/inspection-camera/pricing" for ::1 at 2017-06-14 01:36:31 -0300
Processing by StaticPagesController#pricing as HTML
  Rendering static_pages/pricing.html.erb within layouts/application
  Rendered layouts/_menu.html.erb (2.9ms)
  Rendered layouts/_side_nav.html.erb (0.3ms)
  Rendered layouts/_header.html.erb (6.5ms)
  Rendered layouts/_pricing.html.erb (0.3ms)
  Rendered layouts/_footer.html.erb (1.3ms)
  Rendered static_pages/pricing.html.erb within layouts/application (13.7ms)
  Rendered layouts/_shim.html.erb (0.6ms)
Completed 200 OK in 102ms (Views: 99.6ms | ActiveRecord: 0.0ms)


Started GET "/inspection-camera/pricing" for ::1 at 2017-06-14 01:37:30 -0300
Processing by StaticPagesController#pricing as HTML
  Rendering static_pages/pricing.html.erb within layouts/application
  Rendered layouts/_menu.html.erb (2.2ms)
  Rendered layouts/_side_nav.html.erb (0.3ms)
  Rendered layouts/_header.html.erb (4.9ms)
  Rendered layouts/_pricing.html.erb (0.3ms)
  Rendered layouts/_footer.html.erb (2.0ms)
  Rendered static_pages/pricing.html.erb within layouts/application (11.2ms)
  Rendered layouts/_shim.html.erb (0.5ms)
Completed 200 OK in 107ms (Views: 105.3ms | ActiveRecord: 0.0ms)


Started GET "/inspection-camera/pricing" for ::1 at 2017-06-14 01:39:20 -0300
Processing by StaticPagesController#pricing as HTML
  Rendering static_pages/pricing.html.erb within layouts/application
  Rendered layouts/_menu.html.erb (2.2ms)
  Rendered layouts/_side_nav.html.erb (0.3ms)
  Rendered layouts/_header.html.erb (5.1ms)
  Rendered layouts/_pricing.html.erb (0.3ms)
  Rendered layouts/_footer.html.erb (1.3ms)
  Rendered static_pages/pricing.html.erb within layouts/application (10.6ms)
  Rendered layouts/_shim.html.erb (0.5ms)
Completed 200 OK in 95ms (Views: 93.4ms | ActiveRecord: 0.0ms)


Started GET "/inspection-camera/demo" for ::1 at 2017-06-14 01:39:24 -0300
Processing by StaticPagesController#demo as HTML
  Rendering static_pages/demo.html.erb within layouts/application
  Rendered layouts/_menu.html.erb (3.5ms)
  Rendered layouts/_side_nav.html.erb (0.6ms)
  Rendered layouts/_header.html.erb (7.7ms)
  Rendered leads/_form_demo.html.erb (2.5ms)
  Rendered layouts/_demo.html.erb (9.3ms)
  Rendered layouts/_footer.html.erb (1.5ms)
  Rendered static_pages/demo.html.erb within layouts/application (23.7ms)
  Rendered layouts/_shim.html.erb (0.5ms)
Completed 200 OK in 116ms (Views: 112.2ms | ActiveRecord: 0.0ms)


Started GET "/inspection-camera/demo" for ::1 at 2017-06-14 01:39:39 -0300
Processing by StaticPagesController#demo as HTML
  Rendering static_pages/demo.html.erb within layouts/application
  Rendered layouts/_menu.html.erb (3.1ms)
  Rendered layouts/_side_nav.html.erb (0.3ms)
  Rendered layouts/_header.html.erb (6.2ms)
  Rendered leads/_form_demo.html.erb (2.2ms)
  Rendered layouts/_demo.html.erb (6.3ms)
  Rendered layouts/_footer.html.erb (2.1ms)
  Rendered static_pages/demo.html.erb within layouts/application (19.8ms)
  Rendered layouts/_shim.html.erb (0.5ms)
Completed 200 OK in 114ms (Views: 112.1ms | ActiveRecord: 0.0ms)


Started GET "/inspection-camera/articulating/video-borescope/x1-series" for ::1 at 2017-06-14 01:40:51 -0300
Processing by StaticPagesController#x1Series as HTML
  Rendering static_pages/x1Series.html.erb within layouts/application
  Rendered layouts/product-page/tags/_x1-series.html.erb (0.4ms)
  Rendered layouts/product-page/description/_x1-series.html.erb (0.4ms)
  Rendered layouts/product-page/key-features/_x1-series.html.erb (0.4ms)
  Rendered layouts/product-page/key-features/_x1-series-2.html.erb (0.9ms)
  Rendered leads/_form_demo.html.erb (1.2ms)
  Rendered layouts/_menu.html.erb (3.4ms)
  Rendered layouts/_side_nav.html.erb (0.4ms)
  Rendered layouts/_header.html.erb (7.6ms)
  Rendered layouts/product-page/_slide.html.erb (0.6ms)
  Rendered layouts/product-page/_download.html.erb (0.5ms)
  Rendered leads/_form_demo.html.erb (0.6ms)
  Rendered layouts/_free_demo.html.erb (5.6ms)
  Rendered layouts/_footer.html.erb (1.8ms)
  Rendered static_pages/x1Series.html.erb within layouts/application (50.1ms)
  Rendered layouts/_shim.html.erb (0.4ms)
Completed 200 OK in 150ms (Views: 146.8ms | ActiveRecord: 0.0ms)


Started GET "/inspection-camera/products" for ::1 at 2017-06-14 01:41:08 -0300
Processing by StaticPagesController#products as HTML
  Rendering static_pages/products.html.erb within layouts/application
  Rendered layouts/_menu.html.erb (3.8ms)
  Rendered layouts/_side_nav.html.erb (0.4ms)
  Rendered layouts/_header.html.erb (7.5ms)
  Rendered layouts/product-page/description/_x1-series.html.erb (0.4ms)
  Rendered layouts/product-page/description/_mc1-series.html.erb (0.5ms)
  Rendered layouts/product-page/description/_jcm-series.html.erb (0.4ms)
  Rendered layouts/product-page/description/_dg1-series.html.erb (0.6ms)
  Rendered layouts/product-page/description/_ultrathin-series.html.erb (0.4ms)
  Rendered layouts/_products.html.erb (24.0ms)
  Rendered leads/_form_demo.html.erb (1.2ms)
  Rendered layouts/_free_demo.html.erb (5.0ms)
  Rendered layouts/_footer.html.erb (7.7ms)
  Rendered static_pages/products.html.erb within layouts/application (50.4ms)
  Rendered layouts/_shim.html.erb (0.5ms)
Completed 200 OK in 147ms (Views: 142.2ms | ActiveRecord: 0.0ms)


Started GET "/inspection-camera/mechanical-articulating/video-borescope/mc1-series" for ::1 at 2017-06-14 01:41:17 -0300
Processing by StaticPagesController#mc1Series as HTML
  Rendering static_pages/mc1Series.html.erb within layouts/application
  Rendered layouts/product-page/tags/_mc1-series.html.erb (0.6ms)
  Rendered layouts/product-page/description/_mc1-series.html.erb (0.4ms)
  Rendered layouts/product-page/key-features/_mc1-series.html.erb (0.4ms)
  Rendered layouts/product-page/key-features/_mc1-series-2.html.erb (0.4ms)
  Rendered leads/_form_demo.html.erb (1.3ms)
  Rendered layouts/_menu.html.erb (2.1ms)
  Rendered layouts/_side_nav.html.erb (0.4ms)
  Rendered layouts/_header.html.erb (4.9ms)
  Rendered layouts/product-page/_slide.html.erb (0.4ms)
  Rendered layouts/product-page/_download.html.erb (0.3ms)
  Rendered leads/_form_demo.html.erb (0.5ms)
  Rendered layouts/_free_demo.html.erb (4.0ms)
  Rendered layouts/_footer.html.erb (1.3ms)
  Rendered static_pages/mc1Series.html.erb within layouts/application (41.1ms)
  Rendered layouts/_shim.html.erb (0.5ms)
Completed 200 OK in 139ms (Views: 134.6ms | ActiveRecord: 0.0ms)


Started GET "/inspection-camera/articulating/video-borescope/dg1-series" for ::1 at 2017-06-14 01:41:30 -0300
Processing by StaticPagesController#dg1Series as HTML
  Rendering static_pages/dg1Series.html.erb within layouts/application
  Rendered layouts/product-page/tags/_dg1-series.html.erb (0.5ms)
  Rendered layouts/product-page/description/_dg1-series.html.erb (0.4ms)
  Rendered layouts/product-page/key-features/_dg1-series.html.erb (0.5ms)
  Rendered layouts/product-page/key-features/_dg1-series-2.html.erb (0.4ms)
  Rendered leads/_form_demo.html.erb (1.3ms)
  Rendered layouts/_menu.html.erb (1.8ms)
  Rendered layouts/_side_nav.html.erb (0.3ms)
  Rendered layouts/_header.html.erb (4.7ms)
  Rendered layouts/product-page/_slide.html.erb (0.4ms)
  Rendered layouts/product-page/_download.html.erb (0.4ms)
  Rendered leads/_form_demo.html.erb (0.5ms)
  Rendered layouts/_free_demo.html.erb (4.1ms)
  Rendered layouts/_footer.html.erb (1.3ms)
  Rendered static_pages/dg1Series.html.erb within layouts/application (40.9ms)
  Rendered layouts/_shim.html.erb (0.6ms)
Completed 200 OK in 142ms (Views: 138.3ms | ActiveRecord: 0.0ms)


Started GET "/inspection-camera/products" for ::1 at 2017-06-14 01:41:46 -0300
Processing by StaticPagesController#products as HTML
  Rendering static_pages/products.html.erb within layouts/application
  Rendered layouts/_menu.html.erb (7.0ms)
  Rendered layouts/_side_nav.html.erb (0.6ms)
  Rendered layouts/_header.html.erb (12.7ms)
  Rendered layouts/product-page/description/_x1-series.html.erb (0.6ms)
  Rendered layouts/product-page/description/_mc1-series.html.erb (1.2ms)
  Rendered layouts/product-page/description/_jcm-series.html.erb (0.7ms)
  Rendered layouts/product-page/description/_dg1-series.html.erb (0.5ms)
  Rendered layouts/product-page/description/_ultrathin-series.html.erb (0.4ms)
  Rendered layouts/_products.html.erb (28.0ms)
  Rendered leads/_form_demo.html.erb (1.5ms)
  Rendered layouts/_free_demo.html.erb (9.9ms)
  Rendered layouts/_footer.html.erb (1.3ms)
  Rendered static_pages/products.html.erb within layouts/application (61.1ms)
  Rendered layouts/_shim.html.erb (0.4ms)
Completed 200 OK in 162ms (Views: 157.6ms | ActiveRecord: 0.0ms)


Started GET "/inspection-camera/articulating/video-borescope/dg1-series" for ::1 at 2017-06-14 01:42:02 -0300
Processing by StaticPagesController#dg1Series as HTML
  Rendering static_pages/dg1Series.html.erb within layouts/application
  Rendered layouts/product-page/tags/_dg1-series.html.erb (0.5ms)
  Rendered layouts/product-page/description/_dg1-series.html.erb (0.4ms)
  Rendered layouts/product-page/key-features/_dg1-series.html.erb (0.3ms)
  Rendered layouts/product-page/key-features/_dg1-series-2.html.erb (0.4ms)
  Rendered leads/_form_demo.html.erb (1.6ms)
  Rendered layouts/_menu.html.erb (2.6ms)
  Rendered layouts/_side_nav.html.erb (0.4ms)
  Rendered layouts/_header.html.erb (6.6ms)
  Rendered layouts/product-page/_slide.html.erb (0.5ms)
  Rendered layouts/product-page/_download.html.erb (0.4ms)
  Rendered leads/_form_demo.html.erb (0.7ms)
  Rendered layouts/_free_demo.html.erb (6.5ms)
  Rendered layouts/_footer.html.erb (1.2ms)
  Rendered static_pages/dg1Series.html.erb within layouts/application (45.9ms)
  Rendered layouts/_shim.html.erb (0.5ms)
Completed 200 OK in 156ms (Views: 153.9ms | ActiveRecord: 0.0ms)


Started GET "/inspection-camera/products" for ::1 at 2017-06-14 01:44:59 -0300
Processing by StaticPagesController#products as HTML
  Rendering static_pages/products.html.erb within layouts/application
  Rendered layouts/_menu.html.erb (9.2ms)
  Rendered layouts/_side_nav.html.erb (0.5ms)
  Rendered layouts/_header.html.erb (14.9ms)
  Rendered layouts/product-page/description/_x1-series.html.erb (0.6ms)
  Rendered layouts/product-page/description/_mc1-series.html.erb (0.4ms)
  Rendered layouts/product-page/description/_jcm-series.html.erb (0.5ms)
  Rendered layouts/product-page/description/_dg1-series.html.erb (0.3ms)
  Rendered layouts/product-page/description/_ultrathin-series.html.erb (0.5ms)
  Rendered layouts/_products.html.erb (24.7ms)
  Rendered leads/_form_demo.html.erb (2.4ms)
  Rendered layouts/_free_demo.html.erb (10.5ms)
  Rendered layouts/_footer.html.erb (2.3ms)
  Rendered static_pages/products.html.erb within layouts/application (63.2ms)
  Rendered layouts/_shim.html.erb (0.5ms)
Completed 200 OK in 189ms (Views: 185.7ms | ActiveRecord: 0.0ms)


Started GET "/inspection-camera/articulating/video-borescope/x1-series" for ::1 at 2017-06-14 01:45:04 -0300
Processing by StaticPagesController#x1Series as HTML
  Rendering static_pages/x1Series.html.erb within layouts/application
  Rendered layouts/product-page/tags/_x1-series.html.erb (0.6ms)
  Rendered layouts/product-page/description/_x1-series.html.erb (0.5ms)
  Rendered layouts/product-page/key-features/_x1-series.html.erb (0.4ms)
  Rendered layouts/product-page/key-features/_x1-series-2.html.erb (0.6ms)
  Rendered leads/_form_demo.html.erb (2.2ms)
  Rendered layouts/_menu.html.erb (2.4ms)
  Rendered layouts/_side_nav.html.erb (0.5ms)
  Rendered layouts/_header.html.erb (6.8ms)
  Rendered layouts/product-page/_slide.html.erb (0.7ms)
  Rendered layouts/product-page/_download.html.erb (0.6ms)
  Rendered leads/_form_demo.html.erb (0.9ms)
  Rendered layouts/_free_demo.html.erb (7.0ms)
  Rendered layouts/_footer.html.erb (2.0ms)
  Rendered static_pages/x1Series.html.erb within layouts/application (57.7ms)
  Rendered layouts/_shim.html.erb (0.5ms)
Completed 200 OK in 186ms (Views: 181.6ms | ActiveRecord: 0.0ms)


Started GET "/inspection-camera/contact" for ::1 at 2017-06-14 01:45:49 -0300
Processing by StaticPagesController#contact as HTML
  Rendering static_pages/contact.html.erb within layouts/application
  Rendered layouts/_menu.html.erb (3.0ms)
  Rendered layouts/_side_nav.html.erb (0.4ms)
  Rendered layouts/_header.html.erb (7.1ms)
  Rendered messages/_new.html.erb (38.0ms)
  Rendered layouts/_contact-us.html.erb (40.4ms)
  Rendered layouts/_footer.html.erb (1.5ms)
  Rendered static_pages/contact.html.erb within layouts/application (54.9ms)
  Rendered layouts/_shim.html.erb (0.5ms)
Completed 200 OK in 154ms (Views: 149.5ms | ActiveRecord: 0.0ms)


Started GET "/inspection-camera/articulating/video-borescope/x1-series" for ::1 at 2017-06-14 01:46:12 -0300
Processing by StaticPagesController#x1Series as HTML
  Rendering static_pages/x1Series.html.erb within layouts/application
  Rendered layouts/product-page/tags/_x1-series.html.erb (0.4ms)
  Rendered layouts/product-page/description/_x1-series.html.erb (0.5ms)
  Rendered layouts/product-page/key-features/_x1-series.html.erb (0.6ms)
  Rendered layouts/product-page/key-features/_x1-series-2.html.erb (0.6ms)
  Rendered leads/_form_demo.html.erb (4.4ms)
  Rendered layouts/_menu.html.erb (3.1ms)
  Rendered layouts/_side_nav.html.erb (0.4ms)
  Rendered layouts/_header.html.erb (8.3ms)
  Rendered layouts/product-page/_slide.html.erb (0.7ms)
  Rendered layouts/product-page/_download.html.erb (0.5ms)
  Rendered leads/_form_demo.html.erb (0.8ms)
  Rendered layouts/_free_demo.html.erb (7.3ms)
  Rendered layouts/_footer.html.erb (1.8ms)
  Rendered static_pages/x1Series.html.erb within layouts/application (68.2ms)
  Rendered layouts/_shim.html.erb (0.5ms)
Completed 200 OK in 179ms (Views: 174.9ms | ActiveRecord: 0.0ms)


Started GET "/inspection-camera/articulating/video-borescope/dg1-series" for ::1 at 2017-06-14 01:46:14 -0300
Processing by StaticPagesController#dg1Series as HTML
  Rendering static_pages/dg1Series.html.erb within layouts/application
  Rendered layouts/product-page/tags/_dg1-series.html.erb (0.5ms)
  Rendered layouts/product-page/description/_dg1-series.html.erb (0.4ms)
  Rendered layouts/product-page/key-features/_dg1-series.html.erb (0.5ms)
  Rendered layouts/product-page/key-features/_dg1-series-2.html.erb (0.7ms)
  Rendered leads/_form_demo.html.erb (2.4ms)
  Rendered layouts/_menu.html.erb (3.3ms)
  Rendered layouts/_side_nav.html.erb (0.8ms)
  Rendered layouts/_header.html.erb (8.3ms)
  Rendered layouts/product-page/_slide.html.erb (0.8ms)
  Rendered layouts/product-page/_download.html.erb (0.7ms)
  Rendered leads/_form_demo.html.erb (1.0ms)
  Rendered layouts/_free_demo.html.erb (7.4ms)
  Rendered layouts/_footer.html.erb (2.6ms)
  Rendered static_pages/dg1Series.html.erb within layouts/application (67.2ms)
  Rendered layouts/_shim.html.erb (0.5ms)
Completed 200 OK in 192ms (Views: 187.7ms | ActiveRecord: 0.0ms)


Started GET "/inspection-camera/pricing" for ::1 at 2017-06-14 01:46:58 -0300
Processing by StaticPagesController#pricing as HTML
  Rendering static_pages/pricing.html.erb within layouts/application
  Rendered layouts/_menu.html.erb (4.2ms)
  Rendered layouts/_side_nav.html.erb (0.4ms)
  Rendered layouts/_header.html.erb (8.4ms)
  Rendered layouts/_pricing.html.erb (0.5ms)
  Rendered layouts/_footer.html.erb (1.9ms)
  Rendered static_pages/pricing.html.erb within layouts/application (16.2ms)
  Rendered layouts/_shim.html.erb (0.4ms)
Completed 200 OK in 117ms (Views: 114.9ms | ActiveRecord: 0.0ms)


Started GET "/inspection-camera/contact" for ::1 at 2017-06-14 01:47:00 -0300
Processing by StaticPagesController#contact as HTML
  Rendering static_pages/contact.html.erb within layouts/application
  Rendered layouts/_menu.html.erb (2.3ms)
  Rendered layouts/_side_nav.html.erb (0.3ms)
  Rendered layouts/_header.html.erb (5.1ms)
  Rendered messages/_new.html.erb (2.6ms)
  Rendered layouts/_contact-us.html.erb (5.7ms)
  Rendered layouts/_footer.html.erb (1.4ms)
  Rendered static_pages/contact.html.erb within layouts/application (17.2ms)
  Rendered layouts/_shim.html.erb (0.6ms)
Completed 200 OK in 172ms (Views: 169.3ms | ActiveRecord: 0.0ms)


Started GET "/" for ::1 at 2017-06-14 01:47:01 -0300
Processing by StaticPagesController#home as HTML
  Rendering static_pages/home.html.erb within layouts/application
  Rendered layouts/_menu.html.erb (3.2ms)
  Rendered layouts/_side_nav.html.erb (0.5ms)
  Rendered layouts/_header_home.html.erb (10.6ms)
  Rendered layouts/_spi-products.erb (6.8ms)
  Rendered leads/_form_demo.html.erb (2.0ms)
  Rendered layouts/_free_demo.html.erb (8.3ms)
  Rendered layouts/_partners.html.erb (23.6ms)
  Rendered leads/_form_demo.html.erb (0.9ms)
  Rendered layouts/_download-product-catalog.html.erb (4.9ms)
  Rendered layouts/_main.html.erb (52.3ms)
  Rendered layouts/_footer.html.erb (1.5ms)
  Rendered static_pages/home.html.erb within layouts/application (70.4ms)
  Rendered layouts/_shim.html.erb (0.3ms)
Completed 200 OK in 167ms (Views: 163.0ms | ActiveRecord: 0.0ms)


Started GET "/" for ::1 at 2017-06-14 02:13:47 -0300
Processing by StaticPagesController#home as HTML
  Rendering static_pages/home.html.erb within layouts/application
  Rendered layouts/_menu.html.erb (16.9ms)
  Rendered layouts/_side_nav.html.erb (0.8ms)
  Rendered layouts/_header_home.html.erb (27.4ms)
  Rendered layouts/_spi-products.erb (8.3ms)
  Rendered leads/_form_demo.html.erb (7.1ms)
  Rendered layouts/_free_demo.html.erb (18.9ms)
  Rendered layouts/_partners.html.erb (36.7ms)
  Rendered leads/_form_demo.html.erb (1.1ms)
  Rendered layouts/_download-product-catalog.html.erb (7.4ms)
  Rendered layouts/_main.html.erb (79.4ms)
  Rendered layouts/_footer.html.erb (5.0ms)
  Rendered static_pages/home.html.erb within layouts/application (125.0ms)
  Rendered layouts/_shim.html.erb (0.6ms)
Completed 200 OK in 362ms (Views: 346.6ms | ActiveRecord: 0.0ms)


Started GET "/" for ::1 at 2017-06-20 13:37:27 -0300
Processing by StaticPagesController#home as HTML
  Rendering static_pages/home.html.erb within layouts/application
  Rendered layouts/_menu.html.erb (29.0ms)
  Rendered layouts/_side_nav.html.erb (0.8ms)
  Rendered layouts/_header_home.html.erb (40.8ms)
  Rendered layouts/_spi-products.erb (10.0ms)
  Rendered leads/_form_demo.html.erb (7.0ms)
  Rendered layouts/_free_demo.html.erb (21.6ms)
  Rendered layouts/_partners.html.erb (49.3ms)
  Rendered leads/_form_demo.html.erb (2.7ms)
  Rendered layouts/_download-product-catalog.html.erb (8.6ms)
  Rendered layouts/_main.html.erb (101.3ms)
  Rendered layouts/_footer.html.erb (3.5ms)
  Rendered static_pages/home.html.erb within layouts/application (162.4ms)
  Rendered layouts/_shim.html.erb (0.5ms)
Completed 200 OK in 471ms (Views: 455.6ms | ActiveRecord: 0.0ms)


Started GET "/inspection-camera/articulating/video-borescope/x1-series" for ::1 at 2017-06-20 13:38:39 -0300
Processing by StaticPagesController#x1Series as HTML
  Rendering static_pages/x1Series.html.erb within layouts/application
  Rendered layouts/product-page/tags/_x1-series.html.erb (0.6ms)
  Rendered layouts/product-page/description/_x1-series.html.erb (0.6ms)
  Rendered layouts/product-page/key-features/_x1-series.html.erb (0.8ms)
  Rendered layouts/product-page/key-features/_x1-series-2.html.erb (0.4ms)
  Rendered leads/_form_demo.html.erb (1.2ms)
  Rendered layouts/_menu.html.erb (3.5ms)
  Rendered layouts/_side_nav.html.erb (0.7ms)
  Rendered layouts/_header.html.erb (9.2ms)
  Rendered layouts/product-page/_slide.html.erb (0.8ms)
  Rendered layouts/product-page/_download.html.erb (0.5ms)
  Rendered leads/_form_demo.html.erb (0.6ms)
  Rendered layouts/_free_demo.html.erb (6.2ms)
  Rendered layouts/_footer.html.erb (1.8ms)
  Rendered static_pages/x1Series.html.erb within layouts/application (64.8ms)
  Rendered layouts/_shim.html.erb (0.3ms)
Completed 200 OK in 175ms (Views: 169.3ms | ActiveRecord: 0.0ms)


Started GET "/inspection-camera/demo" for ::1 at 2017-06-20 13:38:40 -0300
Processing by StaticPagesController#demo as HTML
  Rendering static_pages/demo.html.erb within layouts/application
  Rendered layouts/_menu.html.erb (3.6ms)
  Rendered layouts/_side_nav.html.erb (0.5ms)
  Rendered layouts/_header.html.erb (8.6ms)
  Rendered leads/_form_demo.html.erb (2.0ms)
  Rendered layouts/_demo.html.erb (9.8ms)
  Rendered layouts/_footer.html.erb (2.4ms)
  Rendered static_pages/demo.html.erb within layouts/application (28.1ms)
  Rendered layouts/_shim.html.erb (0.4ms)
Completed 200 OK in 130ms (Views: 125.8ms | ActiveRecord: 0.0ms)


Started GET "/" for ::1 at 2017-06-20 13:45:52 -0300
Processing by StaticPagesController#home as HTML
  Rendering static_pages/home.html.erb within layouts/application
  Rendered layouts/_menu.html.erb (8.2ms)
  Rendered layouts/_side_nav.html.erb (0.5ms)
  Rendered layouts/_header_home.html.erb (23.0ms)
  Rendered layouts/_spi-products.erb (4.8ms)
  Rendered leads/_form_demo.html.erb (1.3ms)
  Rendered layouts/_free_demo.html.erb (7.0ms)
  Rendered layouts/_partners.html.erb (20.8ms)
  Rendered leads/_form_demo.html.erb (0.6ms)
  Rendered layouts/_download-product-catalog.html.erb (3.9ms)
  Rendered layouts/_main.html.erb (43.3ms)
  Rendered layouts/_footer.html.erb (1.8ms)
  Rendered static_pages/home.html.erb within layouts/application (73.7ms)
  Rendered layouts/_shim.html.erb (0.3ms)
Completed 200 OK in 188ms (Views: 185.3ms | ActiveRecord: 0.0ms)


Started GET "/" for ::1 at 2017-06-20 15:52:47 -0300
Processing by StaticPagesController#home as HTML
  Rendering static_pages/home.html.erb within layouts/application
  Rendered layouts/_menu.html.erb (16.7ms)
  Rendered layouts/_side_nav.html.erb (1.3ms)
  Rendered layouts/_header_home.html.erb (27.8ms)
  Rendered layouts/_spi-products.erb (7.8ms)
  Rendered leads/_form_demo.html.erb (7.5ms)
  Rendered layouts/_free_demo.html.erb (17.0ms)
  Rendered layouts/_partners.html.erb (40.6ms)
  Rendered leads/_form_demo.html.erb (1.2ms)
  Rendered layouts/_download-product-catalog.html.erb (6.0ms)
  Rendered layouts/_main.html.erb (82.1ms)
  Rendered layouts/_footer.html.erb (2.9ms)
  Rendered static_pages/home.html.erb within layouts/application (126.5ms)
  Rendered layouts/_shim.html.erb (0.4ms)
Completed 200 OK in 392ms (Views: 378.7ms | ActiveRecord: 0.0ms)


Started GET "/" for ::1 at 2017-06-20 16:24:08 -0300
Processing by StaticPagesController#home as HTML
  Rendering static_pages/home.html.erb within layouts/application
  Rendered layouts/_menu.html.erb (7.4ms)
  Rendered layouts/_side_nav.html.erb (0.8ms)
  Rendered layouts/_header_home.html.erb (15.5ms)
  Rendered layouts/_spi-products.erb (8.6ms)
  Rendered leads/_form_demo.html.erb (3.6ms)
  Rendered layouts/_free_demo.html.erb (12.6ms)
  Rendered layouts/_partners.html.erb (32.5ms)
  Rendered leads/_form_demo.html.erb (1.9ms)
  Rendered layouts/_download-product-catalog.html.erb (6.8ms)
  Rendered layouts/_main.html.erb (70.7ms)
  Rendered layouts/_footer.html.erb (2.5ms)
  Rendered static_pages/home.html.erb within layouts/application (97.1ms)
  Rendered layouts/_shim.html.erb (0.5ms)
Completed 200 OK in 344ms (Views: 309.3ms | ActiveRecord: 0.0ms)


